2019-03-06 16:07:13,684 - Original Dream - INFO - Autosendlk - <module> - 180 - 第0次证件号码为：37070219860116037X姓名为：bukongname300航班号码为：DW50044
2019-03-06 16:07:13,720 - Original Dream - INFO - Autosendlk - <module> - 180 - 第1次证件号码为：440811196010273593姓名为：bukongname301航班号码为：YQ79536
2019-03-06 16:07:13,763 - Original Dream - INFO - Autosendlk - <module> - 180 - 第2次证件号码为：350781199105149013姓名为：bukongname302航班号码为：PQ23519
2019-03-06 16:07:13,811 - Original Dream - INFO - Autosendlk - <module> - 180 - 第3次证件号码为：513426196412051896姓名为：bukongname303航班号码为：CA82299
2019-03-06 16:07:13,846 - Original Dream - INFO - Autosendlk - <module> - 180 - 第4次证件号码为：41162619691009623X姓名为：bukongname304航班号码为：LN58568
2019-03-06 16:07:13,888 - Original Dream - INFO - Autosendlk - <module> - 180 - 第5次证件号码为：410122197804308574姓名为：bukongname305航班号码为：ZQ34350
2019-03-06 16:07:13,932 - Original Dream - INFO - Autosendlk - <module> - 180 - 第6次证件号码为：130103197706270036姓名为：bukongname306航班号码为：TP30270
2019-03-06 16:07:13,977 - Original Dream - INFO - Autosendlk - <module> - 180 - 第7次证件号码为：211281196909245398姓名为：bukongname307航班号码为：GJ84101
2019-03-06 16:07:14,023 - Original Dream - INFO - Autosendlk - <module> - 180 - 第8次证件号码为：522427199502085135姓名为：bukongname308航班号码为：XH71873
2019-03-06 16:07:14,067 - Original Dream - INFO - Autosendlk - <module> - 180 - 第9次证件号码为：513426197507124556姓名为：bukongname309航班号码为：VN39154
2019-03-06 16:07:14,111 - Original Dream - INFO - Autosendlk - <module> - 180 - 第10次证件号码为：150204198103293579姓名为：bukongname310航班号码为：YM96141
2019-03-06 16:07:14,147 - Original Dream - INFO - Autosendlk - <module> - 180 - 第11次证件号码为：220723196003142894姓名为：bukongname311航班号码为：NZ14575
2019-03-06 16:07:14,185 - Original Dream - INFO - Autosendlk - <module> - 180 - 第12次证件号码为：500116200007311097姓名为：bukongname312航班号码为：LP77390
2019-03-06 16:07:14,231 - Original Dream - INFO - Autosendlk - <module> - 180 - 第13次证件号码为：611025200001045338姓名为：bukongname313航班号码为：TM55126
2019-03-06 16:07:14,275 - Original Dream - INFO - Autosendlk - <module> - 180 - 第14次证件号码为：51342419600706383X姓名为：bukongname314航班号码为：FB53146
2019-03-06 16:07:14,320 - Original Dream - INFO - Autosendlk - <module> - 180 - 第15次证件号码为：211002198209076552姓名为：bukongname315航班号码为：RO81708
2019-03-06 16:07:14,367 - Original Dream - INFO - Autosendlk - <module> - 180 - 第16次证件号码为：520381199911176870姓名为：bukongname316航班号码为：WA56601
2019-03-06 16:07:14,413 - Original Dream - INFO - Autosendlk - <module> - 180 - 第17次证件号码为：341204196709287695姓名为：bukongname317航班号码为：CX53292
2019-03-06 16:07:14,458 - Original Dream - INFO - Autosendlk - <module> - 180 - 第18次证件号码为：430382198412170796姓名为：bukongname318航班号码为：LC61193
2019-03-06 16:07:14,502 - Original Dream - INFO - Autosendlk - <module> - 180 - 第19次证件号码为：320723198105043256姓名为：bukongname319航班号码为：TA93484
